2021_06_30.csv
VA21389: Subordinate (3)
VA21283: Subordinate (3)
VA20302: Subordinate (3)
VA20202: Project A (3)
VA20203: Project B (3)
2022_01_31.csv
repeat VA20202
repeat VA20203
repeat VA20302
repeat VA21283
repeat VA21389
VA21494: Subordinate (3)
VA21495: Subordinate (2)
2022_05_01.csv
repeat VA20202
repeat VA20203
repeat VA20302
repeat VA21283
repeat VA21389
repeat VA21494
repeat VA21495
2022_07_29.csv
repeat VA21494
repeat VA21495
repeat VA21389
repeat VA21283
change VA20302 to Project B
change VA20202 to Cancelled
change VA20203 to Project A
2022_10_31.csv
repeat VA20202
repeat VA20203
repeat VA20302
repeat VA21283
repeat VA21389
repeat VA21494
change VA21495 to Cancelled
VA22272: Subordinate (3)
2023_01_31.csv
repeat VA20202
repeat VA20203
repeat VA20302
repeat VA21283
repeat VA21389
repeat VA21494
repeat VA21495
repeat VA22272
2023_04_28.csv
repeat VA20202
change VA20203 to In Construction
change VA20302 to Cancelled
change VA21283 to Project B
change VA21389 to Cancelled
change VA21494 to Project B
repeat VA21495
repeat VA22272
2023_07_28.csv
repeat VA20202
repeat VA20203
repeat VA20302
change VA21283 to Project A
repeat VA21389
repeat VA21494
repeat VA21495
repeat VA22272
VA23144: Subordinate (2)
2023_10_30.csv
repeat VA20202
repeat VA20203
repeat VA20302
repeat VA21283
repeat VA21389
repeat VA21494
repeat VA21495
repeat VA22272
repeat VA23144
VA23278: Subordinate (3)
VA23279: Subordinate (3)
2024_01_31.csv
repeat VA20202
repeat VA20203
repeat VA20302
repeat VA21283
repeat VA21389
repeat VA21494
repeat VA21495
repeat VA22272
repeat VA23144
repeat VA23278
repeat VA23279
Active
Cancelled
In Service

Bowers Hill - 2
Central - 7
Charles City Road - 4
Colony - 5
Copeland Park - 9
Covington - 9
Dahlgren - 5
Dozier - 9
Eagle Rock - 8
Elmont - 9
Flaggy Run - 2
Franconia - 1
Gainesville - 9
Goshen - 9
Hamilton - 4
Harbour View - 2
Harvell - 9
Hull Street - 9
Idylwood - 3
Jefferson St. - 9
Keene Mill - 4
Lakeside - 4
Landstown - 9
Lebanon - 9
Line 2076 - 5
Millville - 9
Mountain Rd - 7
Pleasant Hill - 9
Rockbridge - 9
Ruritan - 6
Shellhorn - 8
Sterling Park - 9
Third St. - 9
Varina - 8
Verona - 1
Wakeman - 4
Walney - 9
Walthall - 2
Waynesboro - 9
Weyers Cave - 8
Willard - 3
Willoughby - 3
Winchester - 1
Winters Branch - 6
